<?xml version="1.0" encoding="UTF-8"?>
<!-- Generated by org.testng.reporters.JUnitXMLReporter -->
<testsuite ignored="0" hostname="LAPTOP-20SHTRE1" failures="1" tests="3" name="Test" time="8.86" errors="0" timestamp="2021-12-28T10:12:53 IST">
  <testcase classname="Reportgeneration.Reports.Reports" name="url_check" time="6.226"/>
  <testcase classname="Reportgeneration.Reports.Reports" name="url_check_1" time="2.33"/>
  <testcase classname="Reportgeneration.Reports.Exceldatadriven" name="excel" time="0.042">
    <failure type="java.lang.NoClassDefFoundError" message="org/apache/poi/util/POILogFactory">
      <![CDATA[java.lang.NoClassDefFoundError: org/apache/poi/util/POILogFactory
at org.apache.poi.POIXMLDocumentPart.<clinit>(POIXMLDocumentPart.java:55)
at Reportgeneration.Reports.Exceldatadriven.excel(Exceldatadriven.java:23)
at java.base/java.util.ArrayList.forEach(ArrayList.java:1511)
Caused by: java.lang.ClassNotFoundException: org.apache.poi.util.POILogFactory
at java.base/jdk.internal.loader.BuiltinClassLoader.loadClass(BuiltinClassLoader.java:641)
at java.base/jdk.internal.loader.ClassLoaders$AppClassLoader.loadClass(ClassLoaders.java:188)
at java.base/java.lang.ClassLoader.loadClass(ClassLoader.java:520)
... 34 more
... Removed 31 stack frames]]>
    </failure>
  </testcase> <!-- excel -->
</testsuite> <!-- Test -->
